<?xml version="1.0" encoding="UTF-8"?>
<testsuite xmlns:xsi="http://www.w3.org/2001/XMLSchema-instance" xsi:noNamespaceSchemaLocation="https://maven.apache.org/surefire/maven-surefire-plugin/xsd/surefire-test-report.xsd" name="org.kie.baaas.mcp.validators.BasicXMLValidatorTest" time="3.717" tests="2" errors="0" skipped="0" failures="0">
  <properties>
    <property name="sun.desktop" value="gnome"/>
    <property name="awt.toolkit" value="sun.awt.X11.XToolkit"/>
    <property name="java.specification.version" value="11"/>
    <property name="sun.cpu.isalist" value=""/>
    <property name="sun.jnu.encoding" value="UTF-8"/>
    <property name="java.class.path" value="/home/jrota/vagrant/bionic64/baaas-master-control-plane/baaas-master-control-plane-api/target/test-classes:/home/jrota/vagrant/bionic64/baaas-master-control-plane/baaas-master-control-plane-api/target/classes:/home/jrota/.m2/repository/io/quarkus/quarkus-hibernate-validator/2.0.0.CR3/quarkus-hibernate-validator-2.0.0.CR3.jar:/home/jrota/.m2/repository/io/quarkus/quarkus-core/2.0.0.CR3/quarkus-core-2.0.0.CR3.jar:/home/jrota/.m2/repository/jakarta/annotation/jakarta.annotation-api/1.3.5/jakarta.annotation-api-1.3.5.jar:/home/jrota/.m2/repository/jakarta/enterprise/jakarta.enterprise.cdi-api/2.0.2/jakarta.enterprise.cdi-api-2.0.2.jar:/home/jrota/.m2/repository/jakarta/el/jakarta.el-api/3.0.3/jakarta.el-api-3.0.3.jar:/home/jrota/.m2/repository/jakarta/interceptor/jakarta.interceptor-api/1.2.5/jakarta.interceptor-api-1.2.5.jar:/home/jrota/.m2/repository/jakarta/inject/jakarta.inject-api/1.0/jakarta.inject-api-1.0.jar:/home/jrota/.m2/repository/io/quarkus/quarkus-ide-launcher/2.0.0.CR3/quarkus-ide-launcher-2.0.0.CR3.jar:/home/jrota/.m2/repository/io/quarkus/quarkus-development-mode-spi/2.0.0.CR3/quarkus-development-mode-spi-2.0.0.CR3.jar:/home/jrota/.m2/repository/io/smallrye/config/smallrye-config/2.3.0/smallrye-config-2.3.0.jar:/home/jrota/.m2/repository/io/smallrye/config/smallrye-config-core/2.3.0/smallrye-config-core-2.3.0.jar:/home/jrota/.m2/repository/org/eclipse/microprofile/config/microprofile-config-api/2.0/microprofile-config-api-2.0.jar:/home/jrota/.m2/repository/io/smallrye/common/smallrye-common-annotation/1.6.0/smallrye-common-annotation-1.6.0.jar:/home/jrota/.m2/repository/io/smallrye/common/smallrye-common-expression/1.6.0/smallrye-common-expression-1.6.0.jar:/home/jrota/.m2/repository/io/smallrye/common/smallrye-common-function/1.6.0/smallrye-common-function-1.6.0.jar:/home/jrota/.m2/repository/io/smallrye/common/smallrye-common-constraint/1.6.0/smallrye-common-constraint-1.6.0.jar:/home/jrota/.m2/repository/io/smallrye/common/smallrye-common-classloader/1.6.0/smallrye-common-classloader-1.6.0.jar:/home/jrota/.m2/repository/io/smallrye/config/smallrye-config-common/2.3.0/smallrye-config-common-2.3.0.jar:/home/jrota/.m2/repository/org/jboss/logging/jboss-logging/3.4.2.Final/jboss-logging-3.4.2.Final.jar:/home/jrota/.m2/repository/org/jboss/logmanager/jboss-logmanager-embedded/1.0.9/jboss-logmanager-embedded-1.0.9.jar:/home/jrota/.m2/repository/org/jboss/logging/jboss-logging-annotations/2.2.1.Final/jboss-logging-annotations-2.2.1.Final.jar:/home/jrota/.m2/repository/org/jboss/threads/jboss-threads/3.4.0.Final/jboss-threads-3.4.0.Final.jar:/home/jrota/.m2/repository/org/slf4j/slf4j-api/1.7.30/slf4j-api-1.7.30.jar:/home/jrota/.m2/repository/org/jboss/slf4j/slf4j-jboss-logmanager/1.1.0.Final/slf4j-jboss-logmanager-1.1.0.Final.jar:/home/jrota/.m2/repository/org/graalvm/sdk/graal-sdk/21.1.0/graal-sdk-21.1.0.jar:/home/jrota/.m2/repository/org/wildfly/common/wildfly-common/1.5.4.Final-format-001/wildfly-common-1.5.4.Final-format-001.jar:/home/jrota/.m2/repository/io/quarkus/quarkus-bootstrap-runner/2.0.0.CR3/quarkus-bootstrap-runner-2.0.0.CR3.jar:/home/jrota/.m2/repository/io/quarkus/quarkus-arc/2.0.0.CR3/quarkus-arc-2.0.0.CR3.jar:/home/jrota/.m2/repository/io/quarkus/arc/arc/2.0.0.CR3/arc-2.0.0.CR3.jar:/home/jrota/.m2/repository/jakarta/transaction/jakarta.transaction-api/1.3.3/jakarta.transaction-api-1.3.3.jar:/home/jrota/.m2/repository/org/eclipse/microprofile/context-propagation/microprofile-context-propagation-api/1.2/microprofile-context-propagation-api-1.2.jar:/home/jrota/.m2/repository/org/hibernate/validator/hibernate-validator/6.2.0.Final/hibernate-validator-6.2.0.Final.jar:/home/jrota/.m2/repository/jakarta/validation/jakarta.validation-api/2.0.2/jakarta.validation-api-2.0.2.jar:/home/jrota/.m2/repository/com/fasterxml/classmate/1.5.1/classmate-1.5.1.jar:/home/jrota/.m2/repository/org/glassfish/jakarta.el/3.0.3/jakarta.el-3.0.3.jar:/home/jrota/.m2/repository/io/smallrye/config/smallrye-config-validator/2.3.0/smallrye-config-validator-2.3.0.jar:/home/jrota/.m2/repository/com/fasterxml/jackson/core/jackson-annotations/2.12.3/jackson-annotations-2.12.3.jar:/home/jrota/.m2/repository/io/quarkus/quarkus-junit5/2.0.0.CR3/quarkus-junit5-2.0.0.CR3.jar:/home/jrota/.m2/repository/io/quarkus/quarkus-bootstrap-core/2.0.0.CR3/quarkus-bootstrap-core-2.0.0.CR3.jar:/home/jrota/.m2/repository/io/quarkus/quarkus-bootstrap-app-model/2.0.0.CR3/quarkus-bootstrap-app-model-2.0.0.CR3.jar:/home/jrota/.m2/repository/io/quarkus/quarkus-bootstrap-maven-resolver/2.0.0.CR3/quarkus-bootstrap-maven-resolver-2.0.0.CR3.jar:/home/jrota/.m2/repository/org/apache/maven/maven-embedder/3.8.1/maven-embedder-3.8.1.jar:/home/jrota/.m2/repository/org/apache/maven/maven-settings/3.8.1/maven-settings-3.8.1.jar:/home/jrota/.m2/repository/org/apache/maven/maven-core/3.8.1/maven-core-3.8.1.jar:/home/jrota/.m2/repository/org/apache/maven/maven-artifact/3.8.1/maven-artifact-3.8.1.jar:/home/jrota/.m2/repository/org/codehaus/plexus/plexus-component-annotations/2.1.0/plexus-component-annotations-2.1.0.jar:/home/jrota/.m2/repository/org/apache/maven/maven-plugin-api/3.8.1/maven-plugin-api-3.8.1.jar:/home/jrota/.m2/repository/org/apache/maven/maven-model/3.8.1/maven-model-3.8.1.jar:/home/jrota/.m2/repository/org/apache/maven/maven-model-builder/3.8.1/maven-model-builder-3.8.1.jar:/home/jrota/.m2/repository/org/apache/maven/maven-builder-support/3.8.1/maven-builder-support-3.8.1.jar:/home/jrota/.m2/repository/org/apache/maven/resolver/maven-resolver-api/1.6.2/maven-resolver-api-1.6.2.jar:/home/jrota/.m2/repository/org/apache/maven/resolver/maven-resolver-util/1.6.2/maven-resolver-util-1.6.2.jar:/home/jrota/.m2/repository/org/apache/maven/shared/maven-shared-utils/3.2.1/maven-shared-utils-3.2.1.jar:/home/jrota/.m2/repository/commons-io/commons-io/2.8.0/commons-io-2.8.0.jar:/home/jrota/.m2/repository/com/google/inject/guice/4.2.1/guice-4.2.1-no_aop.jar:/home/jrota/.m2/repository/com/google/guava/guava/30.1.1-jre/guava-30.1.1-jre.jar:/home/jrota/.m2/repository/com/google/guava/failureaccess/1.0.1/failureaccess-1.0.1.jar:/home/jrota/.m2/repository/com/google/guava/listenablefuture/9999.0-empty-to-avoid-conflict-with-guava/listenablefuture-9999.0-empty-to-avoid-conflict-with-guava.jar:/home/jrota/.m2/repository/org/codehaus/plexus/plexus-utils/3.2.1/plexus-utils-3.2.1.jar:/home/jrota/.m2/repository/org/codehaus/plexus/plexus-classworlds/2.6.0/plexus-classworlds-2.6.0.jar:/home/jrota/.m2/repository/commons-cli/commons-cli/1.4/commons-cli-1.4.jar:/home/jrota/.m2/repository/org/eclipse/sisu/org.eclipse.sisu.plexus/0.3.4/org.eclipse.sisu.plexus-0.3.4.jar:/home/jrota/.m2/repository/org/apache/maven/maven-settings-builder/3.8.1/maven-settings-builder-3.8.1.jar:/home/jrota/.m2/repository/org/codehaus/plexus/plexus-interpolation/1.25/plexus-interpolation-1.25.jar:/home/jrota/.m2/repository/org/sonatype/plexus/plexus-sec-dispatcher/1.4/plexus-sec-dispatcher-1.4.jar:/home/jrota/.m2/repository/org/sonatype/plexus/plexus-cipher/1.4/plexus-cipher-1.4.jar:/home/jrota/.m2/repository/org/apache/maven/maven-resolver-provider/3.8.1/maven-resolver-provider-3.8.1.jar:/home/jrota/.m2/repository/org/apache/maven/maven-repository-metadata/3.8.1/maven-repository-metadata-3.8.1.jar:/home/jrota/.m2/repository/org/apache/maven/resolver/maven-resolver-spi/1.6.2/maven-resolver-spi-1.6.2.jar:/home/jrota/.m2/repository/org/apache/maven/resolver/maven-resolver-impl/1.6.2/maven-resolver-impl-1.6.2.jar:/home/jrota/.m2/repository/org/apache/maven/resolver/maven-resolver-connector-basic/1.6.2/maven-resolver-connector-basic-1.6.2.jar:/home/jrota/.m2/repository/org/apache/maven/resolver/maven-resolver-transport-wagon/1.6.2/maven-resolver-transport-wagon-1.6.2.jar:/home/jrota/.m2/repository/org/apache/maven/wagon/wagon-http/3.4.3/wagon-http-3.4.3.jar:/home/jrota/.m2/repository/org/apache/maven/wagon/wagon-http-shared/3.4.3/wagon-http-shared-3.4.3.jar:/home/jrota/.m2/repository/org/jsoup/jsoup/1.12.1/jsoup-1.12.1.jar:/home/jrota/.m2/repository/org/apache/httpcomponents/httpclient/4.5.13/httpclient-4.5.13.jar:/home/jrota/.m2/repository/commons-codec/commons-codec/1.15/commons-codec-1.15.jar:/home/jrota/.m2/repository/org/apache/httpcomponents/httpcore/4.4.14/httpcore-4.4.14.jar:/home/jrota/.m2/repository/org/apache/maven/wagon/wagon-provider-api/3.4.3/wagon-provider-api-3.4.3.jar:/home/jrota/.m2/repository/org/apache/maven/wagon/wagon-file/3.4.3/wagon-file-3.4.3.jar:/home/jrota/.m2/repository/io/quarkus/quarkus-bootstrap-gradle-resolver/2.0.0.CR3/quarkus-bootstrap-gradle-resolver-2.0.0.CR3.jar:/home/jrota/.m2/repository/io/smallrye/common/smallrye-common-io/1.6.0/smallrye-common-io-1.6.0.jar:/home/jrota/.m2/repository/org/eclipse/sisu/org.eclipse.sisu.inject/0.3.4/org.eclipse.sisu.inject-0.3.4.jar:/home/jrota/.m2/repository/io/quarkus/quarkus-test-common/2.0.0.CR3/quarkus-test-common-2.0.0.CR3.jar:/home/jrota/.m2/repository/io/quarkus/quarkus-core-deployment/2.0.0.CR3/quarkus-core-deployment-2.0.0.CR3.jar:/home/jrota/.m2/repository/org/aesh/readline/2.1/readline-2.1.jar:/home/jrota/.m2/repository/org/fusesource/jansi/jansi/1.18/jansi-1.18.jar:/home/jrota/.m2/repository/org/apache/commons/commons-lang3/3.12.0/commons-lang3-3.12.0.jar:/home/jrota/.m2/repository/io/quarkus/gizmo/gizmo/1.0.8.Final/gizmo-1.0.8.Final.jar:/home/jrota/.m2/repository/org/ow2/asm/asm-util/9.1/asm-util-9.1.jar:/home/jrota/.m2/repository/org/ow2/asm/asm-tree/9.1/asm-tree-9.1.jar:/home/jrota/.m2/repository/org/ow2/asm/asm-analysis/9.1/asm-analysis-9.1.jar:/home/jrota/.m2/repository/org/ow2/asm/asm/9.1/asm-9.1.jar:/home/jrota/.m2/repository/io/quarkus/quarkus-class-change-agent/2.0.0.CR3/quarkus-class-change-agent-2.0.0.CR3.jar:/home/jrota/.m2/repository/io/quarkus/quarkus-devtools-utilities/2.0.0.CR3/quarkus-devtools-utilities-2.0.0.CR3.jar:/home/jrota/.m2/repository/io/quarkus/quarkus-builder/2.0.0.CR3/quarkus-builder-2.0.0.CR3.jar:/home/jrota/.m2/repository/org/junit/platform/junit-platform-launcher/1.7.2/junit-platform-launcher-1.7.2.jar:/home/jrota/.m2/repository/io/quarkus/quarkus-jsonp-deployment/2.0.0.CR3/quarkus-jsonp-deployment-2.0.0.CR3.jar:/home/jrota/.m2/repository/io/quarkus/quarkus-jsonp/2.0.0.CR3/quarkus-jsonp-2.0.0.CR3.jar:/home/jrota/.m2/repository/org/glassfish/jakarta.json/1.1.6/jakarta.json-1.1.6.jar:/home/jrota/.m2/repository/org/jboss/jandex/2.3.0.Final/jandex-2.3.0.Final.jar:/home/jrota/.m2/repository/org/jboss/logging/commons-logging-jboss-logging/1.0.0.Final/commons-logging-jboss-logging-1.0.0.Final.jar:/home/jrota/.m2/repository/org/junit/jupiter/junit-jupiter/5.7.2/junit-jupiter-5.7.2.jar:/home/jrota/.m2/repository/org/junit/jupiter/junit-jupiter-api/5.7.2/junit-jupiter-api-5.7.2.jar:/home/jrota/.m2/repository/org/apiguardian/apiguardian-api/1.1.0/apiguardian-api-1.1.0.jar:/home/jrota/.m2/repository/org/opentest4j/opentest4j/1.2.0/opentest4j-1.2.0.jar:/home/jrota/.m2/repository/org/junit/platform/junit-platform-commons/1.7.2/junit-platform-commons-1.7.2.jar:/home/jrota/.m2/repository/org/junit/jupiter/junit-jupiter-params/5.7.2/junit-jupiter-params-5.7.2.jar:/home/jrota/.m2/repository/org/junit/jupiter/junit-jupiter-engine/5.7.2/junit-jupiter-engine-5.7.2.jar:/home/jrota/.m2/repository/org/junit/platform/junit-platform-engine/1.7.2/junit-platform-engine-1.7.2.jar:/home/jrota/.m2/repository/com/thoughtworks/xstream/xstream/1.4.17/xstream-1.4.17.jar:/home/jrota/.m2/repository/io/github/x-stream/mxparser/1.2.1/mxparser-1.2.1.jar:/home/jrota/.m2/repository/xmlpull/xmlpull/1.1.3.1/xmlpull-1.1.3.1.jar:"/>
    <property name="java.vm.vendor" value="AdoptOpenJDK"/>
    <property name="sun.arch.data.model" value="64"/>
    <property name="java.vendor.url" value="https://adoptopenjdk.net/"/>
    <property name="user.timezone" value=""/>
    <property name="java.vm.specification.version" value="11"/>
    <property name="os.name" value="Linux"/>
    <property name="sun.java.launcher" value="SUN_STANDARD"/>
    <property name="user.country" value="US"/>
    <property name="sun.boot.library.path" value="/home/jrota/.jabba/jdk/adopt@1.11.0-6/lib"/>
    <property name="sun.java.command" value="/home/jrota/vagrant/bionic64/baaas-master-control-plane/baaas-master-control-plane-api/target/surefire/surefirebooter16116735068814453853.jar /home/jrota/vagrant/bionic64/baaas-master-control-plane/baaas-master-control-plane-api/target/surefire 2021-06-23T09-14-48_637-jvmRun1 surefire3118748713472343574tmp surefire_010441975456768144021tmp"/>
    <property name="jdk.debug" value="release"/>
    <property name="maven.home" value="/home/jrota/opt/build/apache-maven-3.6.3"/>
    <property name="surefire.test.class.path" value="/home/jrota/vagrant/bionic64/baaas-master-control-plane/baaas-master-control-plane-api/target/test-classes:/home/jrota/vagrant/bionic64/baaas-master-control-plane/baaas-master-control-plane-api/target/classes:/home/jrota/.m2/repository/io/quarkus/quarkus-hibernate-validator/2.0.0.CR3/quarkus-hibernate-validator-2.0.0.CR3.jar:/home/jrota/.m2/repository/io/quarkus/quarkus-core/2.0.0.CR3/quarkus-core-2.0.0.CR3.jar:/home/jrota/.m2/repository/jakarta/annotation/jakarta.annotation-api/1.3.5/jakarta.annotation-api-1.3.5.jar:/home/jrota/.m2/repository/jakarta/enterprise/jakarta.enterprise.cdi-api/2.0.2/jakarta.enterprise.cdi-api-2.0.2.jar:/home/jrota/.m2/repository/jakarta/el/jakarta.el-api/3.0.3/jakarta.el-api-3.0.3.jar:/home/jrota/.m2/repository/jakarta/interceptor/jakarta.interceptor-api/1.2.5/jakarta.interceptor-api-1.2.5.jar:/home/jrota/.m2/repository/jakarta/inject/jakarta.inject-api/1.0/jakarta.inject-api-1.0.jar:/home/jrota/.m2/repository/io/quarkus/quarkus-ide-launcher/2.0.0.CR3/quarkus-ide-launcher-2.0.0.CR3.jar:/home/jrota/.m2/repository/io/quarkus/quarkus-development-mode-spi/2.0.0.CR3/quarkus-development-mode-spi-2.0.0.CR3.jar:/home/jrota/.m2/repository/io/smallrye/config/smallrye-config/2.3.0/smallrye-config-2.3.0.jar:/home/jrota/.m2/repository/io/smallrye/config/smallrye-config-core/2.3.0/smallrye-config-core-2.3.0.jar:/home/jrota/.m2/repository/org/eclipse/microprofile/config/microprofile-config-api/2.0/microprofile-config-api-2.0.jar:/home/jrota/.m2/repository/io/smallrye/common/smallrye-common-annotation/1.6.0/smallrye-common-annotation-1.6.0.jar:/home/jrota/.m2/repository/io/smallrye/common/smallrye-common-expression/1.6.0/smallrye-common-expression-1.6.0.jar:/home/jrota/.m2/repository/io/smallrye/common/smallrye-common-function/1.6.0/smallrye-common-function-1.6.0.jar:/home/jrota/.m2/repository/io/smallrye/common/smallrye-common-constraint/1.6.0/smallrye-common-constraint-1.6.0.jar:/home/jrota/.m2/repository/io/smallrye/common/smallrye-common-classloader/1.6.0/smallrye-common-classloader-1.6.0.jar:/home/jrota/.m2/repository/io/smallrye/config/smallrye-config-common/2.3.0/smallrye-config-common-2.3.0.jar:/home/jrota/.m2/repository/org/jboss/logging/jboss-logging/3.4.2.Final/jboss-logging-3.4.2.Final.jar:/home/jrota/.m2/repository/org/jboss/logmanager/jboss-logmanager-embedded/1.0.9/jboss-logmanager-embedded-1.0.9.jar:/home/jrota/.m2/repository/org/jboss/logging/jboss-logging-annotations/2.2.1.Final/jboss-logging-annotations-2.2.1.Final.jar:/home/jrota/.m2/repository/org/jboss/threads/jboss-threads/3.4.0.Final/jboss-threads-3.4.0.Final.jar:/home/jrota/.m2/repository/org/slf4j/slf4j-api/1.7.30/slf4j-api-1.7.30.jar:/home/jrota/.m2/repository/org/jboss/slf4j/slf4j-jboss-logmanager/1.1.0.Final/slf4j-jboss-logmanager-1.1.0.Final.jar:/home/jrota/.m2/repository/org/graalvm/sdk/graal-sdk/21.1.0/graal-sdk-21.1.0.jar:/home/jrota/.m2/repository/org/wildfly/common/wildfly-common/1.5.4.Final-format-001/wildfly-common-1.5.4.Final-format-001.jar:/home/jrota/.m2/repository/io/quarkus/quarkus-bootstrap-runner/2.0.0.CR3/quarkus-bootstrap-runner-2.0.0.CR3.jar:/home/jrota/.m2/repository/io/quarkus/quarkus-arc/2.0.0.CR3/quarkus-arc-2.0.0.CR3.jar:/home/jrota/.m2/repository/io/quarkus/arc/arc/2.0.0.CR3/arc-2.0.0.CR3.jar:/home/jrota/.m2/repository/jakarta/transaction/jakarta.transaction-api/1.3.3/jakarta.transaction-api-1.3.3.jar:/home/jrota/.m2/repository/org/eclipse/microprofile/context-propagation/microprofile-context-propagation-api/1.2/microprofile-context-propagation-api-1.2.jar:/home/jrota/.m2/repository/org/hibernate/validator/hibernate-validator/6.2.0.Final/hibernate-validator-6.2.0.Final.jar:/home/jrota/.m2/repository/jakarta/validation/jakarta.validation-api/2.0.2/jakarta.validation-api-2.0.2.jar:/home/jrota/.m2/repository/com/fasterxml/classmate/1.5.1/classmate-1.5.1.jar:/home/jrota/.m2/repository/org/glassfish/jakarta.el/3.0.3/jakarta.el-3.0.3.jar:/home/jrota/.m2/repository/io/smallrye/config/smallrye-config-validator/2.3.0/smallrye-config-validator-2.3.0.jar:/home/jrota/.m2/repository/com/fasterxml/jackson/core/jackson-annotations/2.12.3/jackson-annotations-2.12.3.jar:/home/jrota/.m2/repository/io/quarkus/quarkus-junit5/2.0.0.CR3/quarkus-junit5-2.0.0.CR3.jar:/home/jrota/.m2/repository/io/quarkus/quarkus-bootstrap-core/2.0.0.CR3/quarkus-bootstrap-core-2.0.0.CR3.jar:/home/jrota/.m2/repository/io/quarkus/quarkus-bootstrap-app-model/2.0.0.CR3/quarkus-bootstrap-app-model-2.0.0.CR3.jar:/home/jrota/.m2/repository/io/quarkus/quarkus-bootstrap-maven-resolver/2.0.0.CR3/quarkus-bootstrap-maven-resolver-2.0.0.CR3.jar:/home/jrota/.m2/repository/org/apache/maven/maven-embedder/3.8.1/maven-embedder-3.8.1.jar:/home/jrota/.m2/repository/org/apache/maven/maven-settings/3.8.1/maven-settings-3.8.1.jar:/home/jrota/.m2/repository/org/apache/maven/maven-core/3.8.1/maven-core-3.8.1.jar:/home/jrota/.m2/repository/org/apache/maven/maven-artifact/3.8.1/maven-artifact-3.8.1.jar:/home/jrota/.m2/repository/org/codehaus/plexus/plexus-component-annotations/2.1.0/plexus-component-annotations-2.1.0.jar:/home/jrota/.m2/repository/org/apache/maven/maven-plugin-api/3.8.1/maven-plugin-api-3.8.1.jar:/home/jrota/.m2/repository/org/apache/maven/maven-model/3.8.1/maven-model-3.8.1.jar:/home/jrota/.m2/repository/org/apache/maven/maven-model-builder/3.8.1/maven-model-builder-3.8.1.jar:/home/jrota/.m2/repository/org/apache/maven/maven-builder-support/3.8.1/maven-builder-support-3.8.1.jar:/home/jrota/.m2/repository/org/apache/maven/resolver/maven-resolver-api/1.6.2/maven-resolver-api-1.6.2.jar:/home/jrota/.m2/repository/org/apache/maven/resolver/maven-resolver-util/1.6.2/maven-resolver-util-1.6.2.jar:/home/jrota/.m2/repository/org/apache/maven/shared/maven-shared-utils/3.2.1/maven-shared-utils-3.2.1.jar:/home/jrota/.m2/repository/commons-io/commons-io/2.8.0/commons-io-2.8.0.jar:/home/jrota/.m2/repository/com/google/inject/guice/4.2.1/guice-4.2.1-no_aop.jar:/home/jrota/.m2/repository/com/google/guava/guava/30.1.1-jre/guava-30.1.1-jre.jar:/home/jrota/.m2/repository/com/google/guava/failureaccess/1.0.1/failureaccess-1.0.1.jar:/home/jrota/.m2/repository/com/google/guava/listenablefuture/9999.0-empty-to-avoid-conflict-with-guava/listenablefuture-9999.0-empty-to-avoid-conflict-with-guava.jar:/home/jrota/.m2/repository/org/codehaus/plexus/plexus-utils/3.2.1/plexus-utils-3.2.1.jar:/home/jrota/.m2/repository/org/codehaus/plexus/plexus-classworlds/2.6.0/plexus-classworlds-2.6.0.jar:/home/jrota/.m2/repository/commons-cli/commons-cli/1.4/commons-cli-1.4.jar:/home/jrota/.m2/repository/org/eclipse/sisu/org.eclipse.sisu.plexus/0.3.4/org.eclipse.sisu.plexus-0.3.4.jar:/home/jrota/.m2/repository/org/apache/maven/maven-settings-builder/3.8.1/maven-settings-builder-3.8.1.jar:/home/jrota/.m2/repository/org/codehaus/plexus/plexus-interpolation/1.25/plexus-interpolation-1.25.jar:/home/jrota/.m2/repository/org/sonatype/plexus/plexus-sec-dispatcher/1.4/plexus-sec-dispatcher-1.4.jar:/home/jrota/.m2/repository/org/sonatype/plexus/plexus-cipher/1.4/plexus-cipher-1.4.jar:/home/jrota/.m2/repository/org/apache/maven/maven-resolver-provider/3.8.1/maven-resolver-provider-3.8.1.jar:/home/jrota/.m2/repository/org/apache/maven/maven-repository-metadata/3.8.1/maven-repository-metadata-3.8.1.jar:/home/jrota/.m2/repository/org/apache/maven/resolver/maven-resolver-spi/1.6.2/maven-resolver-spi-1.6.2.jar:/home/jrota/.m2/repository/org/apache/maven/resolver/maven-resolver-impl/1.6.2/maven-resolver-impl-1.6.2.jar:/home/jrota/.m2/repository/org/apache/maven/resolver/maven-resolver-connector-basic/1.6.2/maven-resolver-connector-basic-1.6.2.jar:/home/jrota/.m2/repository/org/apache/maven/resolver/maven-resolver-transport-wagon/1.6.2/maven-resolver-transport-wagon-1.6.2.jar:/home/jrota/.m2/repository/org/apache/maven/wagon/wagon-http/3.4.3/wagon-http-3.4.3.jar:/home/jrota/.m2/repository/org/apache/maven/wagon/wagon-http-shared/3.4.3/wagon-http-shared-3.4.3.jar:/home/jrota/.m2/repository/org/jsoup/jsoup/1.12.1/jsoup-1.12.1.jar:/home/jrota/.m2/repository/org/apache/httpcomponents/httpclient/4.5.13/httpclient-4.5.13.jar:/home/jrota/.m2/repository/commons-codec/commons-codec/1.15/commons-codec-1.15.jar:/home/jrota/.m2/repository/org/apache/httpcomponents/httpcore/4.4.14/httpcore-4.4.14.jar:/home/jrota/.m2/repository/org/apache/maven/wagon/wagon-provider-api/3.4.3/wagon-provider-api-3.4.3.jar:/home/jrota/.m2/repository/org/apache/maven/wagon/wagon-file/3.4.3/wagon-file-3.4.3.jar:/home/jrota/.m2/repository/io/quarkus/quarkus-bootstrap-gradle-resolver/2.0.0.CR3/quarkus-bootstrap-gradle-resolver-2.0.0.CR3.jar:/home/jrota/.m2/repository/io/smallrye/common/smallrye-common-io/1.6.0/smallrye-common-io-1.6.0.jar:/home/jrota/.m2/repository/org/eclipse/sisu/org.eclipse.sisu.inject/0.3.4/org.eclipse.sisu.inject-0.3.4.jar:/home/jrota/.m2/repository/io/quarkus/quarkus-test-common/2.0.0.CR3/quarkus-test-common-2.0.0.CR3.jar:/home/jrota/.m2/repository/io/quarkus/quarkus-core-deployment/2.0.0.CR3/quarkus-core-deployment-2.0.0.CR3.jar:/home/jrota/.m2/repository/org/aesh/readline/2.1/readline-2.1.jar:/home/jrota/.m2/repository/org/fusesource/jansi/jansi/1.18/jansi-1.18.jar:/home/jrota/.m2/repository/org/apache/commons/commons-lang3/3.12.0/commons-lang3-3.12.0.jar:/home/jrota/.m2/repository/io/quarkus/gizmo/gizmo/1.0.8.Final/gizmo-1.0.8.Final.jar:/home/jrota/.m2/repository/org/ow2/asm/asm-util/9.1/asm-util-9.1.jar:/home/jrota/.m2/repository/org/ow2/asm/asm-tree/9.1/asm-tree-9.1.jar:/home/jrota/.m2/repository/org/ow2/asm/asm-analysis/9.1/asm-analysis-9.1.jar:/home/jrota/.m2/repository/org/ow2/asm/asm/9.1/asm-9.1.jar:/home/jrota/.m2/repository/io/quarkus/quarkus-class-change-agent/2.0.0.CR3/quarkus-class-change-agent-2.0.0.CR3.jar:/home/jrota/.m2/repository/io/quarkus/quarkus-devtools-utilities/2.0.0.CR3/quarkus-devtools-utilities-2.0.0.CR3.jar:/home/jrota/.m2/repository/io/quarkus/quarkus-builder/2.0.0.CR3/quarkus-builder-2.0.0.CR3.jar:/home/jrota/.m2/repository/org/junit/platform/junit-platform-launcher/1.7.2/junit-platform-launcher-1.7.2.jar:/home/jrota/.m2/repository/io/quarkus/quarkus-jsonp-deployment/2.0.0.CR3/quarkus-jsonp-deployment-2.0.0.CR3.jar:/home/jrota/.m2/repository/io/quarkus/quarkus-jsonp/2.0.0.CR3/quarkus-jsonp-2.0.0.CR3.jar:/home/jrota/.m2/repository/org/glassfish/jakarta.json/1.1.6/jakarta.json-1.1.6.jar:/home/jrota/.m2/repository/org/jboss/jandex/2.3.0.Final/jandex-2.3.0.Final.jar:/home/jrota/.m2/repository/org/jboss/logging/commons-logging-jboss-logging/1.0.0.Final/commons-logging-jboss-logging-1.0.0.Final.jar:/home/jrota/.m2/repository/org/junit/jupiter/junit-jupiter/5.7.2/junit-jupiter-5.7.2.jar:/home/jrota/.m2/repository/org/junit/jupiter/junit-jupiter-api/5.7.2/junit-jupiter-api-5.7.2.jar:/home/jrota/.m2/repository/org/apiguardian/apiguardian-api/1.1.0/apiguardian-api-1.1.0.jar:/home/jrota/.m2/repository/org/opentest4j/opentest4j/1.2.0/opentest4j-1.2.0.jar:/home/jrota/.m2/repository/org/junit/platform/junit-platform-commons/1.7.2/junit-platform-commons-1.7.2.jar:/home/jrota/.m2/repository/org/junit/jupiter/junit-jupiter-params/5.7.2/junit-jupiter-params-5.7.2.jar:/home/jrota/.m2/repository/org/junit/jupiter/junit-jupiter-engine/5.7.2/junit-jupiter-engine-5.7.2.jar:/home/jrota/.m2/repository/org/junit/platform/junit-platform-engine/1.7.2/junit-platform-engine-1.7.2.jar:/home/jrota/.m2/repository/com/thoughtworks/xstream/xstream/1.4.17/xstream-1.4.17.jar:/home/jrota/.m2/repository/io/github/x-stream/mxparser/1.2.1/mxparser-1.2.1.jar:/home/jrota/.m2/repository/xmlpull/xmlpull/1.1.3.1/xmlpull-1.1.3.1.jar:"/>
    <property name="sun.cpu.endian" value="little"/>
    <property name="user.home" value="/home/jrota"/>
    <property name="user.language" value="en"/>
    <property name="java.specification.vendor" value="Oracle Corporation"/>
    <property name="java.version.date" value="2020-01-14"/>
    <property name="java.home" value="/home/jrota/.jabba/jdk/adopt@1.11.0-6"/>
    <property name="file.separator" value="/"/>
    <property name="basedir" value="/home/jrota/vagrant/bionic64/baaas-master-control-plane/baaas-master-control-plane-api"/>
    <property name="java.vm.compressedOopsMode" value="Zero based"/>
    <property name="line.separator" value="&#10;"/>
    <property name="java.specification.name" value="Java Platform API Specification"/>
    <property name="java.vm.specification.vendor" value="Oracle Corporation"/>
    <property name="java.awt.graphicsenv" value="sun.awt.X11GraphicsEnvironment"/>
    <property name="surefire.real.class.path" value="/home/jrota/vagrant/bionic64/baaas-master-control-plane/baaas-master-control-plane-api/target/surefire/surefirebooter16116735068814453853.jar"/>
    <property name="sun.management.compiler" value="HotSpot 64-Bit Tiered Compilers"/>
    <property name="java.runtime.version" value="11.0.6+10"/>
    <property name="user.name" value="jrota"/>
    <property name="path.separator" value=":"/>
    <property name="os.version" value="4.18.0-240.15.1.el8_3.x86_64"/>
    <property name="java.runtime.name" value="OpenJDK Runtime Environment"/>
    <property name="file.encoding" value="UTF-8"/>
    <property name="java.vm.name" value="OpenJDK 64-Bit Server VM"/>
    <property name="java.vendor.version" value="AdoptOpenJDK"/>
    <property name="localRepository" value="/home/jrota/.m2/repository"/>
    <property name="java.vendor.url.bug" value="https://github.com/AdoptOpenJDK/openjdk-support/issues"/>
    <property name="java.io.tmpdir" value="/tmp"/>
    <property name="java.version" value="11.0.6"/>
    <property name="user.dir" value="/home/jrota/vagrant/bionic64/baaas-master-control-plane/baaas-master-control-plane-api"/>
    <property name="os.arch" value="amd64"/>
    <property name="java.vm.specification.name" value="Java Virtual Machine Specification"/>
    <property name="java.awt.printerjob" value="sun.print.PSPrinterJob"/>
    <property name="sun.os.patch.level" value="unknown"/>
    <property name="java.util.logging.manager" value="org.jboss.logmanager.LogManager"/>
    <property name="java.library.path" value="/usr/java/packages/lib:/usr/lib64:/lib64:/lib:/usr/lib"/>
    <property name="java.vendor" value="AdoptOpenJDK"/>
    <property name="java.vm.info" value="mixed mode"/>
    <property name="java.vm.version" value="11.0.6+10"/>
    <property name="sun.io.unicode.encoding" value="UnicodeLittle"/>
    <property name="java.class.version" value="55.0"/>
  </properties>
  <testcase name="testValidXML" classname="org.kie.baaas.mcp.validators.BasicXMLValidatorTest" time="0.076"/>
  <testcase name="testInvalidXML" classname="org.kie.baaas.mcp.validators.BasicXMLValidatorTest" time="0.016"/>
</testsuite>